<?xml version="1.0" encoding="UTF-8"?>
<!-- Generated by org.testng.reporters.JUnitReportReporter -->
<testsuite hostname="LAPTOP-576F71HH" failures="0" tests="3" name="testng.Demo" time="5.242" errors="0" timestamp="2024-07-16T16:20:42 IST" skipped="0">
  <testcase classname="testng.Demo" name="sample" time="5.222"/>
  <system-out>
    <![CDATA[Welcome to advance selenium]]>
  </system-out>
  <testcase classname="testng.Demo" name="demo" time="0.013"/>
  <system-out>
    <![CDATA[demo test case execution]]>
  </system-out>
  <testcase classname="testng.Demo" name="test" time="0.007"/>
  <system-out>
    <![CDATA[test executed]]>
  </system-out>
</testsuite> <!-- testng.Demo -->
