<?xml version="1.0" encoding="UTF-8"?>
<!-- Generated by org.testng.reporters.JUnitReportReporter -->
<testsuite hostname="LAPTOP-576F71HH" failures="0" tests="1" name="bikes.KTM" time="7.050" errors="0" timestamp="2024-07-19T16:35:21 IST" skipped="0">
  <testcase classname="bikes.KTM" name="launchktm" time="7.050"/>
  <system-out>
    <![CDATA[ktm  launched successfully]]>
  </system-out>
</testsuite> <!-- bikes.KTM -->
