<?xml version="1.0" encoding="UTF-8"?>
<!-- Generated by org.testng.reporters.JUnitReportReporter -->
<testsuite hostname="LAPTOP-576F71HH" failures="0" tests="1" name="bikes.Ninja" time="4.302" errors="0" timestamp="2024-07-19T16:40:03 IST" skipped="0">
  <testcase classname="bikes.Ninja" name="launchNinja" time="4.302"/>
  <system-out>
    <![CDATA[ninja launched successfully]]>
  </system-out>
</testsuite> <!-- bikes.Ninja -->
