<?xml version="1.0" encoding="UTF-8"?>
<!-- Generated by org.testng.reporters.JUnitReportReporter -->
<testsuite hostname="LAPTOP-576F71HH" failures="0" tests="5" name="testng.AnnotationAttribute" time="23.408" errors="0" timestamp="2024-07-17T15:47:22 IST" skipped="1">
  <testcase classname="testng.AnnotationAttribute" name="login" time="6.310"/>
  <system-out>
    <![CDATA[login is successfull]]>
  </system-out>
  <testcase classname="testng.AnnotationAttribute" name="login" time="5.817"/>
  <system-out>
    <![CDATA[login is successfull]]>
  </system-out>
  <testcase classname="testng.AnnotationAttribute" name="login" time="5.464"/>
  <system-out>
    <![CDATA[login is successfull]]>
  </system-out>
  <testcase classname="testng.AnnotationAttribute" name="login" time="5.817"/>
  <system-out>
    <![CDATA[login is successfull]]>
  </system-out>
  <testcase classname="testng.AnnotationAttribute" name="register">
    <skipped/>
  </testcase> <!-- register -->
  <system-out/>
</testsuite> <!-- testng.AnnotationAttribute -->
