<?xml version="1.0" encoding="UTF-8"?>
<!-- Generated by org.testng.reporters.JUnitReportReporter -->
<testsuite hostname="LAPTOP-576F71HH" failures="0" tests="1" name="cars.Lamborgini" time="2.717" errors="0" timestamp="2024-07-19T15:32:55 IST" skipped="0">
  <testcase classname="cars.Lamborgini" name="launchLamborgini" time="2.717"/>
  <system-out>
    <![CDATA[Lamborgini launched successfully]]>
  </system-out>
</testsuite> <!-- cars.Lamborgini -->
