<?xml version="1.0" encoding="UTF-8"?>
<!-- Generated by org.testng.reporters.JUnitReportReporter -->
<testsuite hostname="LAPTOP-576F71HH" failures="0" tests="1" name="cssInfoTech.ProFeaturesScreenshot" time="5.272" errors="0" timestamp="2024-08-30T18:29:47 IST" skipped="0">
  <testcase classname="cssInfoTech.ProFeaturesScreenshot" name="getScreenshotOfWebPage" time="5.272"/>
  <system-out/>
</testsuite> <!-- cssInfoTech.ProFeaturesScreenshot -->
