<?xml version="1.0" encoding="UTF-8"?>
<!-- Generated by org.testng.reporters.JUnitReportReporter -->
<testsuite hostname="LAPTOP-576F71HH" failures="0" tests="1" name="cssInfoTech.LifeTimeOfferScreenshot" time="5.820" errors="0" timestamp="2024-08-30T18:29:34 IST" skipped="0">
  <testcase classname="cssInfoTech.LifeTimeOfferScreenshot" name="getScreenshotOfWebPage" time="5.820"/>
  <system-out/>
</testsuite> <!-- cssInfoTech.LifeTimeOfferScreenshot -->
