<?xml version="1.0" encoding="UTF-8"?>
<!-- Generated by org.testng.reporters.JUnitReportReporter -->
<testsuite hostname="LAPTOP-576F71HH" failures="0" tests="1" name="testng.TestScript2" time="3.099" errors="0" timestamp="2024-07-20T16:59:28 IST" skipped="0">
  <testcase classname="testng.TestScript2" name="openComputers" time="3.099"/>
  <system-out>
    <![CDATA[computers page is displayed]]>
  </system-out>
</testsuite> <!-- testng.TestScript2 -->
