<?xml version="1.0" encoding="UTF-8"?>
<!-- Generated by org.testng.reporters.JUnitReportReporter -->
<testsuite hostname="LAPTOP-576F71HH" failures="0" tests="1" name="cssInfoTech.DemoScreesnshot" time="16.764" errors="0" timestamp="2024-08-30T18:28:47 IST" skipped="0">
  <testcase classname="cssInfoTech.DemoScreesnshot" name="getScreenshotOfWebPage" time="16.764"/>
  <system-out/>
</testsuite> <!-- cssInfoTech.DemoScreesnshot -->
