<?xml version="1.0" encoding="UTF-8"?>
<!-- Generated by org.testng.reporters.JUnitReportReporter -->
<testsuite hostname="LAPTOP-576F71HH" failures="0" tests="1" name="testng.ConfigurationAnnotation" time="0.007" errors="0" timestamp="2024-07-20T16:09:36 IST" skipped="0">
  <testcase classname="testng.ConfigurationAnnotation" name="demo" time="0.007"/>
  <system-out>
    <![CDATA[@TEst(demo) is executed]]>
  </system-out>
</testsuite> <!-- testng.ConfigurationAnnotation -->
