<?xml version="1.0" encoding="UTF-8"?>
<!-- Generated by org.testng.reporters.JUnitReportReporter -->
<testsuite hostname="LAPTOP-576F71HH" failures="0" tests="3" name="dataprovider.Instagram" time="68.270" errors="0" timestamp="2024-07-22T16:26:35 IST" skipped="0">
  <testcase classname="dataprovider.Instagram" name="login" time="14.410"/>
  <system-out/>
  <testcase classname="dataprovider.Instagram" name="login" time="45.540"/>
  <system-out/>
  <testcase classname="dataprovider.Instagram" name="login" time="8.320"/>
  <system-out/>
</testsuite> <!-- dataprovider.Instagram -->
