<?xml version="1.0" encoding="UTF-8"?>
<!-- Generated by org.testng.reporters.JUnitReportReporter -->
<testsuite hostname="LAPTOP-576F71HH" failures="0" tests="1" name="cssInfoTech.FeaturesScreenshot" time="5.523" errors="0" timestamp="2024-08-30T18:29:06 IST" skipped="0">
  <testcase classname="cssInfoTech.FeaturesScreenshot" name="getScreenshotOfWebPage" time="5.523"/>
  <system-out/>
</testsuite> <!-- cssInfoTech.FeaturesScreenshot -->
