<?xml version="1.0" encoding="UTF-8"?>
<!-- Generated by org.testng.reporters.JUnitReportReporter -->
<testsuite hostname="LAPTOP-576F71HH" failures="0" tests="1" name="assertion.ToLearnHardAssert" time="5.992" errors="0" timestamp="2024-07-22T17:25:18 IST" skipped="0">
  <testcase classname="assertion.ToLearnHardAssert" name="login" time="5.992"/>
  <system-out>
    <![CDATA[Login page is displayed
Home page is displayed]]>
  </system-out>
</testsuite> <!-- assertion.ToLearnHardAssert -->
