<?xml version="1.0" encoding="UTF-8"?>
<!-- Generated by org.testng.reporters.JUnitReportReporter -->
<testsuite hostname="LAPTOP-576F71HH" failures="0" tests="1" name="testng.TestScript" time="3.472" errors="0" timestamp="2024-07-20T16:52:08 IST" skipped="0">
  <testcase classname="testng.TestScript" name="clickOnBooks" time="3.472"/>
  <system-out>
    <![CDATA[Books page is displayed ]]>
  </system-out>
</testsuite> <!-- testng.TestScript -->
