<?xml version="1.0" encoding="UTF-8"?>
<!-- Generated by org.testng.reporters.JUnitReportReporter -->
<testsuite hostname="LAPTOP-576F71HH" failures="0" tests="1" name="crossbrowsertesting.CrossBrowserTesting" time="4.936" errors="0" timestamp="2024-07-24T16:30:50 IST" skipped="0">
  <testcase classname="crossbrowsertesting.CrossBrowserTesting" name="launchBrowser" time="4.936"/>
  <system-out/>
</testsuite> <!-- crossbrowsertesting.CrossBrowserTesting -->
