<?xml version="1.0" encoding="UTF-8"?>
<!-- Generated by org.testng.reporters.JUnitReportReporter -->
<testsuite hostname="LAPTOP-576F71HH" failures="0" tests="1" name="cars.Mahendra" time="4.699" errors="0" timestamp="2024-07-19T15:32:55 IST" skipped="0">
  <testcase classname="cars.Mahendra" name="launchMahendra" time="4.699"/>
  <system-out>
    <![CDATA[Mahendra launched succesfully]]>
  </system-out>
</testsuite> <!-- cars.Mahendra -->
