<?xml version="1.0" encoding="UTF-8"?>
<!-- Generated by org.testng.reporters.JUnitReportReporter -->
<testsuite hostname="LAPTOP-576F71HH" failures="0" tests="1" name="cssInfoTech.TakeWebPageScreenshot" time="52.135" errors="0" timestamp="2024-08-30T18:22:45 IST" skipped="0">
  <testcase classname="cssInfoTech.TakeWebPageScreenshot" name="getScreenshotOfWebPage" time="52.135"/>
  <system-out/>
</testsuite> <!-- cssInfoTech.TakeWebPageScreenshot -->
