<?xml version="1.0" encoding="UTF-8"?>
<!-- Generated by org.testng.reporters.JUnitReportReporter -->
<testsuite hostname="LAPTOP-576F71HH" failures="0" tests="3" name="testng.DependsOnMethods" time="7.549" errors="0" timestamp="2024-07-17T16:21:15 IST" skipped="0">
  <testcase classname="testng.DependsOnMethods" name="addProduct" time="0.015"/>
  <system-out>
    <![CDATA[product added successfully]]>
  </system-out>
  <testcase classname="testng.DependsOnMethods" name="login" time="3.233"/>
  <system-out>
    <![CDATA[login is successfull]]>
  </system-out>
  <testcase classname="testng.DependsOnMethods" name="register" time="4.301"/>
  <system-out>
    <![CDATA[register succesfully]]>
  </system-out>
</testsuite> <!-- testng.DependsOnMethods -->
