<?xml version="1.0" encoding="UTF-8"?>
<!-- Generated by org.testng.reporters.JUnitReportReporter -->
<testsuite hostname="LAPTOP-576F71HH" failures="0" tests="3" name="dataprovider.ToLearnDataProvider" time="12.217" errors="0" timestamp="2024-07-22T16:07:31 IST" skipped="0">
  <testcase classname="dataprovider.ToLearnDataProvider" name="login" time="3.762"/>
  <system-out/>
  <testcase classname="dataprovider.ToLearnDataProvider" name="login" time="5.067"/>
  <system-out/>
  <testcase classname="dataprovider.ToLearnDataProvider" name="login" time="3.388"/>
  <system-out/>
</testsuite> <!-- dataprovider.ToLearnDataProvider -->
